2020-11-12 07:49:32.105 PM	GS!Wiz_conn_debug	Warning	Settings not found => a new settings file has been created!
2020-11-12 08:16:34.710 PM	GS!Wiz_conn_debug	Warning	Settings not found => a new settings file has been created!
2020-11-14 10:34:12.789 AM	GS!Wiz_conn_debug	Warning	Settings not found => a new settings file has been created!
2020-11-14 10:36:10.934 AM	SDKLoginGS1Dev	Warning	Settings not found => a new settings file has been created!
2020-11-14 10:37:06.516 AM	GS!Wiz_conn_debug	Warning	Settings not found => a new settings file has been created!
2020-11-14 10:39:48.038 AM	GS!Wiz_conn_debug	Warning	Settings not found => a new settings file has been created!
2020-11-14 10:40:56.815 AM	GS!Wiz_conn_debug	Warning	Settings not found => a new settings file has been created!
2020-11-14 10:41:48.329 AM	GS!Wiz_conn_debug	Warning	Settings not found => a new settings file has been created!
2020-11-14 10:42:37.017 AM	SDKLoginGS1Dev	Info	Connection has changed to: https://gs1dev.crm4.dynamics.com
2020-11-14 10:47:11.374 AM	GS!Wiz_conn_debug	Warning	Settings not found => a new settings file has been created!
2020-11-14 10:47:39.308 AM	SDKLoginGS1Dev	Info	Connection has changed to: https://gs1dev.crm4.dynamics.com
2020-11-14 10:49:35.898 AM	GS!Wiz_conn_debug	Warning	Settings not found => a new settings file has been created!
2020-11-14 10:50:14.656 AM	GS!Wiz_conn_debug	Info	Connection has changed to: https://gs1dev.crm4.dynamics.com/
2020-11-14 10:50:39.043 AM	SDKLoginGS1Dev	Info	Connection has changed to: https://gs1dev.crm4.dynamics.com
2020-11-14 12:14:31.124 PM	GS!Wiz_conn_debug	Warning	Settings not found => a new settings file has been created!
2020-11-14 12:15:23.119 PM	SDKLoginGS1Dev	Info	Connection has changed to: https://gs1dev.crm4.dynamics.com
2020-11-17 08:23:30.885 AM	SDKLoginGS1Dev	Info	Settings found and loaded
2020-11-17 08:26:55.652 AM	SDKLoginGS1Dev	Info	Settings found and loaded
2020-11-17 08:30:57.716 AM	SDKLoginGS1Dev	Info	Settings found and loaded
2020-11-17 08:33:04.117 AM	SDKLoginGS1Dev	Info	Settings found and loaded
2020-11-17 10:40:09.202 AM	SDKLoginGS1Dev	Info	Settings found and loaded
2020-11-17 10:40:37.837 AM	SDKLoginGS1Dev	Info	Settings found and loaded
2020-11-17 10:41:44.641 AM	SDKLoginGS1Dev	Info	Settings found and loaded
2020-11-17 10:43:29.478 AM	SDKLoginGS1Dev	Info	Settings found and loaded
2020-11-17 10:47:16.869 AM	SDKLoginGS1Dev	Info	Settings found and loaded
2020-11-17 10:58:09.013 AM	SDKLoginGS1Dev	Info	Settings found and loaded
2020-11-17 11:02:04.550 AM	SDKLoginGS1Dev	Info	Settings found and loaded
2020-11-17 11:05:20.726 AM	SDKLoginGS1Dev	Info	Settings found and loaded
2020-11-17 11:10:50.594 AM	SDKLoginGS1Dev	Info	Settings found and loaded
2020-11-17 11:11:53.588 AM	SDKLoginGS1Dev	Info	Settings found and loaded
2020-11-17 11:14:37.386 AM	SDKLoginGS1Dev	Info	Settings found and loaded
2020-11-17 11:16:03.737 AM	SDKLoginGS1Dev	Info	Settings found and loaded
2020-11-17 11:20:32.811 AM	SDKLoginGS1Dev	Info	Settings found and loaded
2020-11-17 11:21:48.912 AM	SDKLoginGS1Dev	Info	Settings found and loaded
2020-11-17 11:23:10.626 AM	SDKLoginGS1Dev	Info	Settings found and loaded
2020-11-17 11:23:54.942 AM	SDKLoginGS1Dev	Info	Settings found and loaded
